time="2022-05-10T00:05:46+03:00" level=info msg="Logger initialized." func="app.go:11" file="main.main()"
time="2022-05-10T00:05:46+03:00" level=info msg="Application initialized. Have fun!" func="app.go:14" file="main.main()"
time="2022-05-10T00:05:46+03:00" level=info msg="Initialize application router" func="router.go:22" file="api/internal/router.Init()"
time="2022-05-10T00:05:46+03:00" level=info msg="socket path: %s/home/honeycarbs/Documents/bmstu-db-term-6sem/src/api-service/app/build/app.sock" func="router.go:30" file="api/internal/router.Init()"
time="2022-05-10T00:05:46+03:00" level=info msg="create and listen unix socket" func="router.go:38" file="api/internal/router.Init()"
time="2022-05-10T00:44:45+03:00" level=info msg="Logger initialized." func="app.go:11" file="main.main()"
time="2022-05-10T00:44:45+03:00" level=info msg="application context initialized" func="app.go:14" file="main.main()"
time="2022-05-10T00:44:45+03:00" level=info msg="Application initialized. Have fun!" func="app.go:17" file="main.main()"
time="2022-05-10T00:44:45+03:00" level=info msg="Initialize application router" func="router.go:24" file="api/internal/router.Init()"
time="2022-05-10T00:44:45+03:00" level=info msg="initializing application context" func="app_context.go:17" file="api/internal/app_context.Singleton()"
time="2022-05-10T00:44:45+03:00" level=info msg="Read application config" func="config.go:22" file="api/internal/config.initConfig()"
time="2022-05-10T00:44:45+03:00" level=info func="config.go:26" file="api/internal/config.initConfig()"
time="2022-05-10T00:44:45+03:00" level=fatal msg="open config.yml: no such file or directory" func="config.go:27" file="api/internal/config.initConfig()"
time="2022-05-10T00:45:26+03:00" level=info msg="Logger initialized." func="app.go:11" file="main.main()"
time="2022-05-10T00:45:26+03:00" level=info msg="application context initialized" func="app.go:14" file="main.main()"
time="2022-05-10T00:45:26+03:00" level=info msg="Application initialized. Have fun!" func="app.go:17" file="main.main()"
time="2022-05-10T00:45:26+03:00" level=info msg="Initialize application router" func="router.go:24" file="api/internal/router.Init()"
time="2022-05-10T00:45:26+03:00" level=info msg="initializing application context" func="app_context.go:17" file="api/internal/app_context.Singleton()"
time="2022-05-10T00:45:26+03:00" level=info msg="Read application config" func="config.go:22" file="api/internal/config.initConfig()"
time="2022-05-10T00:45:26+03:00" level=info func="config.go:26" file="api/internal/config.initConfig()"
time="2022-05-10T00:45:26+03:00" level=fatal msg="open config.yml: no such file or directory" func="config.go:27" file="api/internal/config.initConfig()"
time="2022-05-10T00:46:21+03:00" level=info msg="Logger initialized." func="app.go:11" file="main.main()"
time="2022-05-10T00:46:21+03:00" level=info msg="application context initialized" func="app.go:14" file="main.main()"
time="2022-05-10T00:46:21+03:00" level=info msg="Application initialized. Have fun!" func="app.go:17" file="main.main()"
time="2022-05-10T00:46:21+03:00" level=info msg="Initialize application router" func="router.go:24" file="api/internal/router.Init()"
time="2022-05-10T00:46:21+03:00" level=info msg="initializing application context" func="app_context.go:17" file="api/internal/app_context.Singleton()"
time="2022-05-10T00:46:21+03:00" level=info msg="Read application config" func="config.go:22" file="api/internal/config.initConfig()"
time="2022-05-10T00:46:21+03:00" level=info func="config.go:26" file="api/internal/config.initConfig()"
time="2022-05-10T00:46:21+03:00" level=fatal msg="open config.yml: no such file or directory" func="config.go:27" file="api/internal/config.initConfig()"
time="2022-05-10T00:46:36+03:00" level=info msg="Logger initialized." func="app.go:11" file="main.main()"
time="2022-05-10T00:46:36+03:00" level=info msg="application context initialized" func="app.go:14" file="main.main()"
time="2022-05-10T00:46:36+03:00" level=info msg="Application initialized. Have fun!" func="app.go:17" file="main.main()"
time="2022-05-10T00:46:36+03:00" level=info msg="Initialize application router" func="router.go:24" file="api/internal/router.Init()"
time="2022-05-10T00:46:36+03:00" level=info msg="initializing application context" func="app_context.go:17" file="api/internal/app_context.Singleton()"
time="2022-05-10T00:46:36+03:00" level=info msg="Read application config" func="config.go:22" file="api/internal/config.initConfig()"
time="2022-05-10T00:46:36+03:00" level=info func="config.go:26" file="api/internal/config.initConfig()"
time="2022-05-10T00:46:36+03:00" level=fatal msg="open config.yml: no such file or directory" func="config.go:27" file="api/internal/config.initConfig()"
time="2022-05-10T00:47:00+03:00" level=info msg="Logger initialized." func="app.go:11" file="main.main()"
time="2022-05-10T00:47:00+03:00" level=info msg="application context initialized" func="app.go:14" file="main.main()"
time="2022-05-10T00:47:00+03:00" level=info msg="Application initialized. Have fun!" func="app.go:17" file="main.main()"
time="2022-05-10T00:47:00+03:00" level=info msg="Initialize application router" func="router.go:24" file="api/internal/router.Init()"
time="2022-05-10T00:47:00+03:00" level=info msg="initializing application context" func="app_context.go:17" file="api/internal/app_context.Singleton()"
time="2022-05-10T00:47:00+03:00" level=info msg="Read application config" func="config.go:22" file="api/internal/config.initConfig()"
time="2022-05-10T00:47:00+03:00" level=info func="config.go:26" file="api/internal/config.initConfig()"
time="2022-05-10T00:47:00+03:00" level=fatal msg="open config.yml: no such file or directory" func="config.go:27" file="api/internal/config.initConfig()"
time="2022-05-10T00:47:10+03:00" level=info msg="Logger initialized." func="app.go:11" file="main.main()"
time="2022-05-10T00:47:10+03:00" level=info msg="application context initialized" func="app.go:14" file="main.main()"
time="2022-05-10T00:47:10+03:00" level=info msg="Application initialized. Have fun!" func="app.go:17" file="main.main()"
time="2022-05-10T00:47:10+03:00" level=info msg="Initialize application router" func="router.go:24" file="api/internal/router.Init()"
time="2022-05-10T00:47:10+03:00" level=info msg="initializing application context" func="app_context.go:17" file="api/internal/app_context.Singleton()"
time="2022-05-10T00:47:10+03:00" level=info msg="Read application config" func="config.go:22" file="api/internal/config.initConfig()"
time="2022-05-10T00:47:10+03:00" level=info func="config.go:26" file="api/internal/config.initConfig()"
time="2022-05-10T00:47:10+03:00" level=fatal msg="open ../../config.yml: no such file or directory" func="config.go:27" file="api/internal/config.initConfig()"
time="2022-05-10T00:47:20+03:00" level=info msg="Logger initialized." func="app.go:11" file="main.main()"
time="2022-05-10T00:47:20+03:00" level=info msg="application context initialized" func="app.go:14" file="main.main()"
time="2022-05-10T00:47:20+03:00" level=info msg="Application initialized. Have fun!" func="app.go:17" file="main.main()"
time="2022-05-10T00:47:20+03:00" level=info msg="Initialize application router" func="router.go:24" file="api/internal/router.Init()"
time="2022-05-10T00:47:20+03:00" level=info msg="initializing application context" func="app_context.go:17" file="api/internal/app_context.Singleton()"
time="2022-05-10T00:47:20+03:00" level=info msg="Read application config" func="config.go:22" file="api/internal/config.initConfig()"
time="2022-05-10T00:47:20+03:00" level=info func="config.go:26" file="api/internal/config.initConfig()"
time="2022-05-10T00:47:20+03:00" level=fatal msg="open ../../config.yml: no such file or directory" func="config.go:27" file="api/internal/config.initConfig()"
time="2022-05-10T00:47:26+03:00" level=info msg="Logger initialized." func="app.go:11" file="main.main()"
time="2022-05-10T00:47:26+03:00" level=info msg="application context initialized" func="app.go:14" file="main.main()"
time="2022-05-10T00:47:26+03:00" level=info msg="Application initialized. Have fun!" func="app.go:17" file="main.main()"
time="2022-05-10T00:47:26+03:00" level=info msg="Initialize application router" func="router.go:24" file="api/internal/router.Init()"
time="2022-05-10T00:47:26+03:00" level=info msg="initializing application context" func="app_context.go:17" file="api/internal/app_context.Singleton()"
time="2022-05-10T00:47:26+03:00" level=info msg="Read application config" func="config.go:22" file="api/internal/config.initConfig()"
time="2022-05-10T00:47:26+03:00" level=info func="config.go:26" file="api/internal/config.initConfig()"
time="2022-05-10T00:47:26+03:00" level=fatal msg="open ../../config.yml: no such file or directory" func="config.go:27" file="api/internal/config.initConfig()"
time="2022-05-10T00:47:37+03:00" level=info msg="Logger initialized." func="app.go:11" file="main.main()"
time="2022-05-10T00:47:37+03:00" level=info msg="application context initialized" func="app.go:14" file="main.main()"
time="2022-05-10T00:47:37+03:00" level=info msg="Application initialized. Have fun!" func="app.go:17" file="main.main()"
time="2022-05-10T00:47:37+03:00" level=info msg="Initialize application router" func="router.go:24" file="api/internal/router.Init()"
time="2022-05-10T00:47:37+03:00" level=info msg="initializing application context" func="app_context.go:17" file="api/internal/app_context.Singleton()"
time="2022-05-10T00:47:37+03:00" level=info msg="Read application config" func="config.go:22" file="api/internal/config.initConfig()"
time="2022-05-10T00:47:37+03:00" level=info func="config.go:26" file="api/internal/config.initConfig()"
time="2022-05-10T00:47:37+03:00" level=fatal msg="open config.yml: no such file or directory" func="config.go:27" file="api/internal/config.initConfig()"
time="2022-05-10T00:48:08+03:00" level=info msg="Logger initialized." func="app.go:11" file="main.main()"
time="2022-05-10T00:48:08+03:00" level=info msg="application context initialized" func="app.go:14" file="main.main()"
time="2022-05-10T00:48:08+03:00" level=info msg="Application initialized. Have fun!" func="app.go:17" file="main.main()"
time="2022-05-10T00:48:08+03:00" level=info msg="Initialize application router" func="router.go:24" file="api/internal/router.Init()"
time="2022-05-10T00:48:08+03:00" level=info msg="initializing application context" func="app_context.go:17" file="api/internal/app_context.Singleton()"
time="2022-05-10T00:48:08+03:00" level=info msg="Read application config" func="config.go:22" file="api/internal/config.initConfig()"
time="2022-05-10T00:48:08+03:00" level=info func="config.go:26" file="api/internal/config.initConfig()"
time="2022-05-10T00:48:08+03:00" level=fatal msg="open config.yml: no such file or directory" func="config.go:27" file="api/internal/config.initConfig()"
time="2022-05-10T00:48:19+03:00" level=info msg="Logger initialized." func="app.go:11" file="main.main()"
time="2022-05-10T00:48:19+03:00" level=info msg="application context initialized" func="app.go:14" file="main.main()"
time="2022-05-10T00:48:19+03:00" level=info msg="Application initialized. Have fun!" func="app.go:17" file="main.main()"
time="2022-05-10T00:48:19+03:00" level=info msg="Initialize application router" func="router.go:24" file="api/internal/router.Init()"
time="2022-05-10T00:48:19+03:00" level=info msg="initializing application context" func="app_context.go:17" file="api/internal/app_context.Singleton()"
time="2022-05-10T00:48:19+03:00" level=info msg="Read application config" func="config.go:22" file="api/internal/config.initConfig()"
time="2022-05-10T00:49:50+03:00" level=info msg="Logger initialized." func="app.go:11" file="main.main()"
time="2022-05-10T00:49:50+03:00" level=info msg="application context initialized" func="app.go:14" file="main.main()"
time="2022-05-10T00:49:50+03:00" level=info msg="Application initialized. Have fun!" func="app.go:17" file="main.main()"
time="2022-05-10T00:49:50+03:00" level=info msg="Initialize application router" func="router.go:24" file="api/internal/router.Init()"
time="2022-05-10T00:49:50+03:00" level=info msg="initializing application context" func="app_context.go:17" file="api/internal/app_context.Singleton()"
time="2022-05-10T00:49:50+03:00" level=info msg="Read application config" func="config.go:22" file="api/internal/config.initConfig()"
time="2022-05-10T00:53:15+03:00" level=info msg="Logger initialized." func="app.go:11" file="main.main()"
time="2022-05-10T00:53:15+03:00" level=info msg="application context initialized" func="app.go:14" file="main.main()"
time="2022-05-10T00:53:15+03:00" level=info msg="Application initialized. Have fun!" func="app.go:17" file="main.main()"
time="2022-05-10T00:53:15+03:00" level=info msg="Initialize application router" func="router.go:24" file="api/internal/router.Init()"
time="2022-05-10T00:53:15+03:00" level=info msg="initializing application context" func="app_context.go:17" file="api/internal/app_context.Singleton()"
time="2022-05-10T00:53:15+03:00" level=info msg="Read application config" func="config.go:22" file="api/internal/config.initConfig()"
time="2022-05-10T00:53:49+03:00" level=info msg="Logger initialized." func="app.go:11" file="main.main()"
time="2022-05-10T00:53:49+03:00" level=info msg="application context initialized" func="app.go:14" file="main.main()"
time="2022-05-10T00:53:49+03:00" level=info msg="Application initialized. Have fun!" func="app.go:17" file="main.main()"
time="2022-05-10T00:53:49+03:00" level=info msg="Initialize application router" func="router.go:24" file="api/internal/router.Init()"
time="2022-05-10T00:53:49+03:00" level=info msg="initializing application context" func="app_context.go:17" file="api/internal/app_context.Singleton()"
time="2022-05-10T00:53:49+03:00" level=info msg="Read application config" func="config.go:22" file="api/internal/config.initConfig()"
time="2022-05-10T01:08:37+03:00" level=info msg="Logger initialized." func="app.go:11" file="main.main()"
time="2022-05-10T01:08:37+03:00" level=info msg="application context initialized" func="app.go:14" file="main.main()"
time="2022-05-10T01:08:37+03:00" level=info msg="Application initialized. Have fun!" func="app.go:17" file="main.main()"
time="2022-05-10T01:08:37+03:00" level=info msg="Initialize application router" func="router.go:24" file="api/internal/router.Init()"
time="2022-05-10T01:08:37+03:00" level=info msg="initializing application context" func="app_context.go:17" file="api/internal/app_context.Singleton()"
time="2022-05-10T01:08:37+03:00" level=info msg="Read application config" func="config.go:22" file="api/internal/config.initConfig()"
time="2022-05-10T01:09:05+03:00" level=info msg="Logger initialized." func="app.go:11" file="main.main()"
time="2022-05-10T01:09:05+03:00" level=info msg="application context initialized" func="app.go:14" file="main.main()"
time="2022-05-10T01:09:05+03:00" level=info msg="Application initialized. Have fun!" func="app.go:17" file="main.main()"
time="2022-05-10T01:09:05+03:00" level=info msg="Initialize application router" func="router.go:24" file="api/internal/router.Init()"
time="2022-05-10T01:09:05+03:00" level=info msg="initializing application context" func="app_context.go:17" file="api/internal/app_context.Singleton()"
time="2022-05-10T01:09:05+03:00" level=info msg="Read application config" func="config.go:22" file="api/internal/config.initConfig()"
time="2022-05-10T01:09:14+03:00" level=info msg="Logger initialized." func="app.go:11" file="main.main()"
time="2022-05-10T01:09:14+03:00" level=info msg="application context initialized" func="app.go:14" file="main.main()"
time="2022-05-10T01:09:14+03:00" level=info msg="Application initialized. Have fun!" func="app.go:17" file="main.main()"
time="2022-05-10T01:09:14+03:00" level=info msg="Initialize application router" func="router.go:24" file="api/internal/router.Init()"
time="2022-05-10T01:09:14+03:00" level=info msg="initializing application context" func="app_context.go:17" file="api/internal/app_context.Singleton()"
time="2022-05-10T01:09:14+03:00" level=info msg="Read application config" func="config.go:22" file="api/internal/config.initConfig()"
time="2022-05-10T01:11:11+03:00" level=info msg="Logger initialized." func="app.go:11" file="main.main()"
time="2022-05-10T01:11:11+03:00" level=info msg="application context initialized" func="app.go:14" file="main.main()"
time="2022-05-10T01:11:11+03:00" level=info msg="Application initialized. Have fun!" func="app.go:17" file="main.main()"
time="2022-05-10T01:11:11+03:00" level=info msg="Initialize application router" func="router.go:24" file="api/internal/router.Init()"
time="2022-05-10T01:11:11+03:00" level=info msg="initializing application context" func="app_context.go:17" file="api/internal/app_context.Singleton()"
time="2022-05-10T01:11:11+03:00" level=info msg="Read application config" func="config.go:22" file="api/internal/config.initConfig()"
time="2022-05-10T01:11:11+03:00" level=info func="config.go:26" file="api/internal/config.initConfig()"
time="2022-05-10T01:11:11+03:00" level=fatal msg="open config.yml: no such file or directory" func="config.go:27" file="api/internal/config.initConfig()"
time="2022-05-10T01:11:21+03:00" level=info msg="Logger initialized." func="app.go:11" file="main.main()"
time="2022-05-10T01:11:21+03:00" level=info msg="application context initialized" func="app.go:14" file="main.main()"
time="2022-05-10T01:11:21+03:00" level=info msg="Application initialized. Have fun!" func="app.go:17" file="main.main()"
time="2022-05-10T01:11:21+03:00" level=info msg="Initialize application router" func="router.go:24" file="api/internal/router.Init()"
time="2022-05-10T01:11:21+03:00" level=info msg="initializing application context" func="app_context.go:17" file="api/internal/app_context.Singleton()"
time="2022-05-10T01:11:21+03:00" level=info msg="Read application config" func="config.go:22" file="api/internal/config.initConfig()"
time="2022-05-10T01:13:44+03:00" level=info msg="Logger initialized." func="app.go:11" file="main.main()"
time="2022-05-10T01:13:44+03:00" level=info msg="application context initialized" func="app.go:14" file="main.main()"
time="2022-05-10T01:13:44+03:00" level=info msg="Application initialized. Have fun!" func="app.go:17" file="main.main()"
time="2022-05-10T01:13:44+03:00" level=info msg="Initialize application router" func="router.go:24" file="api/internal/router.Init()"
time="2022-05-10T01:13:44+03:00" level=info msg="initializing application context" func="app_context.go:17" file="api/internal/app_context.Singleton()"
time="2022-05-10T01:13:44+03:00" level=info msg="Read application config" func="config.go:22" file="api/internal/config.initConfig()"
time="2022-05-10T01:13:47+03:00" level=info msg="Logger initialized." func="app.go:11" file="main.main()"
time="2022-05-10T01:13:47+03:00" level=info msg="application context initialized" func="app.go:14" file="main.main()"
time="2022-05-10T01:13:47+03:00" level=info msg="Application initialized. Have fun!" func="app.go:17" file="main.main()"
time="2022-05-10T01:13:47+03:00" level=info msg="Initialize application router" func="router.go:24" file="api/internal/router.Init()"
time="2022-05-10T01:13:47+03:00" level=info msg="initializing application context" func="app_context.go:17" file="api/internal/app_context.Singleton()"
time="2022-05-10T01:13:47+03:00" level=info msg="Read application config" func="config.go:22" file="api/internal/config.initConfig()"
time="2022-05-10T01:13:47+03:00" level=info msg="Application config %s %s %slocalhost8080port" func="config.go:29" file="api/internal/config.initConfig()"
time="2022-05-10T01:14:07+03:00" level=info msg="Logger initialized." func="app.go:11" file="main.main()"
time="2022-05-10T01:14:07+03:00" level=info msg="application context initialized" func="app.go:14" file="main.main()"
time="2022-05-10T01:14:07+03:00" level=info msg="Application initialized. Have fun!" func="app.go:17" file="main.main()"
time="2022-05-10T01:14:07+03:00" level=info msg="Initialize application router" func="router.go:24" file="api/internal/router.Init()"
time="2022-05-10T01:14:07+03:00" level=info msg="initializing application context" func="app_context.go:17" file="api/internal/app_context.Singleton()"
time="2022-05-10T01:14:07+03:00" level=info msg="Read application config" func="config.go:22" file="api/internal/config.initConfig()"
time="2022-05-10T01:14:07+03:00" level=info msg="Application config localhost 8080 port" func="config.go:29" file="api/internal/config.initConfig()"
time="2022-05-10T01:14:52+03:00" level=info msg="Logger initialized." func="app.go:11" file="main.main()"
time="2022-05-10T01:14:52+03:00" level=info msg="application context initialized" func="app.go:14" file="main.main()"
time="2022-05-10T01:14:52+03:00" level=info msg="Application initialized. Have fun!" func="app.go:17" file="main.main()"
time="2022-05-10T01:14:52+03:00" level=info msg="Initialize application router" func="router.go:24" file="api/internal/router.Init()"
time="2022-05-10T01:14:52+03:00" level=info msg="initializing application context" func="app_context.go:17" file="api/internal/app_context.Singleton()"
time="2022-05-10T01:14:52+03:00" level=info msg="Read application config" func="config.go:22" file="api/internal/config.initConfig()"
time="2022-05-10T01:14:52+03:00" level=info msg="Application config localhost 8080 port" func="config.go:29" file="api/internal/config.initConfig()"
time="2022-05-10T01:14:54+03:00" level=info msg="Logger initialized." func="app.go:11" file="main.main()"
time="2022-05-10T01:14:54+03:00" level=info msg="application context initialized" func="app.go:14" file="main.main()"
time="2022-05-10T01:14:54+03:00" level=info msg="Application initialized. Have fun!" func="app.go:17" file="main.main()"
time="2022-05-10T01:14:54+03:00" level=info msg="Initialize application router" func="router.go:24" file="api/internal/router.Init()"
time="2022-05-10T01:14:54+03:00" level=info msg="initializing application context" func="app_context.go:17" file="api/internal/app_context.Singleton()"
time="2022-05-10T01:14:54+03:00" level=info msg="Read application config" func="config.go:22" file="api/internal/config.initConfig()"
time="2022-05-10T01:14:54+03:00" level=info msg="Application config: localhost:8080, port" func="config.go:29" file="api/internal/config.initConfig()"
time="2022-05-10T01:17:28+03:00" level=info msg="Logger initialized." func="app.go:11" file="main.main()"
time="2022-05-10T01:17:28+03:00" level=info msg="Application context initialized." func="app.go:14" file="main.main()"
time="2022-05-10T01:17:28+03:00" level=info msg="Application initialized. Have fun!" func="app.go:17" file="main.main()"
time="2022-05-10T01:17:28+03:00" level=info msg="Initialize application router" func="router.go:24" file="api/internal/router.Init()"
time="2022-05-10T01:17:28+03:00" level=info msg="initializing application context" func="app_context.go:17" file="api/internal/app_context.Singleton()"
time="2022-05-10T01:17:28+03:00" level=info msg="Read application config" func="config.go:22" file="api/internal/config.initConfig()"
time="2022-05-10T01:17:28+03:00" level=info msg="Application config: localhost:8080, port" func="config.go:29" file="api/internal/config.initConfig()"
time="2022-05-10T01:19:25+03:00" level=info msg="Logger initialized." func="app.go:11" file="main.main()"
time="2022-05-10T01:19:25+03:00" level=info msg="Application context initialized." func="app.go:14" file="main.main()"
time="2022-05-10T01:19:25+03:00" level=info msg="Application initialized. Have fun!" func="app.go:17" file="main.main()"
time="2022-05-10T01:19:25+03:00" level=info msg="Initialize application router" func="router.go:24" file="api/internal/router.Init()"
time="2022-05-10T01:19:25+03:00" level=info msg="initializing application context" func="app_context.go:19" file="api/internal/app_context.Singleton()"
time="2022-05-10T01:19:25+03:00" level=info msg="Read application config" func="config.go:22" file="api/internal/config.initConfig()"
time="2022-05-10T01:19:47+03:00" level=info msg="Logger initialized." func="app.go:11" file="main.main()"
time="2022-05-10T01:19:47+03:00" level=info msg="Application context initialized." func="app.go:14" file="main.main()"
time="2022-05-10T01:19:47+03:00" level=info msg="Application initialized. Have fun!" func="app.go:17" file="main.main()"
time="2022-05-10T01:19:47+03:00" level=info msg="Initialize application router" func="router.go:24" file="api/internal/router.Init()"
time="2022-05-10T01:19:47+03:00" level=info msg="initializing application context" func="app_context.go:19" file="api/internal/app_context.Singleton()"
time="2022-05-10T01:19:47+03:00" level=info msg="Read application config" func="config.go:22" file="api/internal/config.initConfig()"
time="2022-05-10T01:19:50+03:00" level=info msg="Logger initialized." func="app.go:11" file="main.main()"
time="2022-05-10T01:19:50+03:00" level=info msg="Application context initialized." func="app.go:14" file="main.main()"
time="2022-05-10T01:19:50+03:00" level=info msg="Application initialized. Have fun!" func="app.go:17" file="main.main()"
time="2022-05-10T01:19:50+03:00" level=info msg="Initialize application router" func="router.go:24" file="api/internal/router.Init()"
time="2022-05-10T01:19:50+03:00" level=info msg="Initializing application context" func="app_context.go:19" file="api/internal/app_context.Singleton()"
time="2022-05-10T01:19:50+03:00" level=info msg="Read application config" func="config.go:22" file="api/internal/config.initConfig()"
time="2022-05-10T01:21:51+03:00" level=info msg="Logger initialized." func="app.go:11" file="main.main()"
time="2022-05-10T01:21:51+03:00" level=info msg="Application context initialized." func="app.go:14" file="main.main()"
time="2022-05-10T01:21:51+03:00" level=info msg="Application initialized. Have fun!" func="app.go:17" file="main.main()"
time="2022-05-10T01:21:51+03:00" level=info msg="Initialize application router" func="router.go:24" file="api/internal/router.Init()"
time="2022-05-10T01:21:51+03:00" level=info msg="Initializing application context" func="app_context.go:19" file="api/internal/app_context.Singleton()"
time="2022-05-10T01:21:51+03:00" level=info msg="Read application config" func="config.go:22" file="api/internal/config.initConfig()"
time="2022-05-10T01:21:51+03:00" level=info msg="bind application host: localhost, port: port" func="router.go:48" file="api/internal/router.Init()"
time="2022-05-10T01:24:57+03:00" level=info msg="Logger initialized." func="app.go:11" file="main.main()"
time="2022-05-10T01:24:57+03:00" level=info msg="Application context initialized." func="app.go:14" file="main.main()"
time="2022-05-10T01:24:57+03:00" level=info msg="Application initialized. Have fun!" func="app.go:17" file="main.main()"
time="2022-05-10T01:24:57+03:00" level=info msg="Initialize application router" func="router.go:24" file="api/internal/router.Init()"
time="2022-05-10T01:24:57+03:00" level=info msg="Initializing application context" func="app_context.go:19" file="api/internal/app_context.Singleton()"
time="2022-05-10T01:24:57+03:00" level=info msg="Read application config" func="config.go:22" file="api/internal/config.initConfig()"
time="2022-05-10T01:24:57+03:00" level=info msg="Bind application host: localhost, port: port" func="router.go:48" file="api/internal/router.Init()"
time="2022-05-10T01:24:57+03:00" level=fatal msg="listen tcp 127.0.0.1:8080: bind: address already in use" func="router.go:54" file="api/internal/router.Init()"
